{"name":"titleTest","status":"broken","statusDetails":{"known":false,"muted":false,"flaky":false,"message":"Expected condition failed: waiting for title to contain \"Lenskart1.com\". Current title: \"Lenskart.com速 - Sunglasses, Contact Lens, Eyeglasses, Frames, Buy 1 Get 1 Offer for Gold Members\" (tried for 60 second(s) with 500 milliseconds interval)\nBuild info: version: '4.5.3', revision: '4b786a1e430'\nSystem info: os.name: 'Mac OS X', os.arch: 'aarch64', os.version: '12.6.1', java.version: '17.0.4.1'\nDriver info: org.openqa.selenium.chrome.ChromeDriver\nCapabilities {acceptInsecureCerts: false, browserName: chrome, browserVersion: 107.0.5304.110, chrome: {chromedriverVersion: 107.0.5304.62 (1eec40d3a576..., userDataDir: /var/folders/5l/cnx21f9j4yx...}, goog:chromeOptions: {debuggerAddress: localhost:64090}, networkConnectionEnabled: false, pageLoadStrategy: normal, platformName: MAC, proxy: Proxy(), se:cdp: ws://localhost:64090/devtoo..., se:cdpVersion: 107.0.5304.110, setWindowRect: true, strictFileInteractability: false, timeouts: {implicit: 0, pageLoad: 300000, script: 30000}, unhandledPromptBehavior: dismiss and notify, webauthn:extension:credBlob: true, webauthn:extension:largeBlob: true, webauthn:virtualAuthenticators: true}\nSession ID: aca4a8b03d0299fc939f14d1b1402344","trace":"org.openqa.selenium.TimeoutException: Expected condition failed: waiting for title to contain \"Lenskart1.com\". Current title: \"Lenskart.com速 - Sunglasses, Contact Lens, Eyeglasses, Frames, Buy 1 Get 1 Offer for Gold Members\" (tried for 60 second(s) with 500 milliseconds interval)\nBuild info: version: '4.5.3', revision: '4b786a1e430'\nSystem info: os.name: 'Mac OS X', os.arch: 'aarch64', os.version: '12.6.1', java.version: '17.0.4.1'\nDriver info: org.openqa.selenium.chrome.ChromeDriver\nCapabilities {acceptInsecureCerts: false, browserName: chrome, browserVersion: 107.0.5304.110, chrome: {chromedriverVersion: 107.0.5304.62 (1eec40d3a576..., userDataDir: /var/folders/5l/cnx21f9j4yx...}, goog:chromeOptions: {debuggerAddress: localhost:64090}, networkConnectionEnabled: false, pageLoadStrategy: normal, platformName: MAC, proxy: Proxy(), se:cdp: ws://localhost:64090/devtoo..., se:cdpVersion: 107.0.5304.110, setWindowRect: true, strictFileInteractability: false, timeouts: {implicit: 0, pageLoad: 300000, script: 30000}, unhandledPromptBehavior: dismiss and notify, webauthn:extension:credBlob: true, webauthn:extension:largeBlob: true, webauthn:virtualAuthenticators: true}\nSession ID: aca4a8b03d0299fc939f14d1b1402344\n\tat org.openqa.selenium.support.ui.WebDriverWait.timeoutException(WebDriverWait.java:87)\n\tat org.openqa.selenium.support.ui.FluentWait.until(FluentWait.java:231)\n\tat com.qa.lenskart.utils.WaitUtils.ifTitleContainsText(WaitUtils.java:113)\n\tat com.qa.lenskart.pages.LandingPage.isTitlePresent(LandingPage.java:45)\n\tat com.qa.lenskart.tests.LandingPageTest.titleTest(LandingPageTest.java:19)\n\tat java.base/jdk.internal.reflect.NativeMethodAccessorImpl.invoke0(Native Method)\n\tat java.base/jdk.internal.reflect.NativeMethodAccessorImpl.invoke(NativeMethodAccessorImpl.java:77)\n\tat java.base/jdk.internal.reflect.DelegatingMethodAccessorImpl.invoke(DelegatingMethodAccessorImpl.java:43)\n\tat java.base/java.lang.reflect.Method.invoke(Method.java:568)\n\tat org.testng.internal.MethodInvocationHelper.invokeMethod(MethodInvocationHelper.java:124)\n\tat org.testng.internal.Invoker.invokeMethod(Invoker.java:583)\n\tat org.testng.internal.Invoker.invokeTestMethod(Invoker.java:719)\n\tat org.testng.internal.Invoker.invokeTestMethods(Invoker.java:989)\n\tat org.testng.internal.TestMethodWorker.invokeTestMethods(TestMethodWorker.java:125)\n\tat org.testng.internal.TestMethodWorker.run(TestMethodWorker.java:109)\n\tat org.testng.TestRunner.privateRun(TestRunner.java:648)\n\tat org.testng.TestRunner.run(TestRunner.java:505)\n\tat org.testng.SuiteRunner.runTest(SuiteRunner.java:455)\n\tat org.testng.SuiteRunner.access$000(SuiteRunner.java:40)\n\tat org.testng.SuiteRunner$SuiteWorker.run(SuiteRunner.java:489)\n\tat org.testng.internal.thread.ThreadUtil$1.call(ThreadUtil.java:52)\n\tat java.base/java.util.concurrent.FutureTask.run(FutureTask.java:264)\n\tat java.base/java.util.concurrent.ThreadPoolExecutor.runWorker(ThreadPoolExecutor.java:1136)\n\tat java.base/java.util.concurrent.ThreadPoolExecutor$Worker.run(ThreadPoolExecutor.java:635)\n\tat java.base/java.lang.Thread.run(Thread.java:833)\n"},"stage":"finished","description":"Landing page title test","steps":[{"name":"Getting page title","status":"broken","statusDetails":{"known":false,"muted":false,"flaky":false,"message":"Expected condition failed: waiting for title to contain \"Lenskart1.com\". Current title: \"Lenskart.com速 - Sunglasses, Contact Lens, Eyeglasses, Frames, Buy 1 Get 1 Offer for Gold Members\" (tried for 60 second(s) with 500 milliseconds interval)\nBuild info: version: '4.5.3', revision: '4b786a1e430'\nSystem info: os.name: 'Mac OS X', os.arch: 'aarch64', os.version: '12.6.1', java.version: '17.0.4.1'\nDriver info: org.openqa.selenium.chrome.ChromeDriver\nCapabilities {acceptInsecureCerts: false, browserName: chrome, browserVersion: 107.0.5304.110, chrome: {chromedriverVersion: 107.0.5304.62 (1eec40d3a576..., userDataDir: /var/folders/5l/cnx21f9j4yx...}, goog:chromeOptions: {debuggerAddress: localhost:64090}, networkConnectionEnabled: false, pageLoadStrategy: normal, platformName: MAC, proxy: Proxy(), se:cdp: ws://localhost:64090/devtoo..., se:cdpVersion: 107.0.5304.110, setWindowRect: true, strictFileInteractability: false, timeouts: {implicit: 0, pageLoad: 300000, script: 30000}, unhandledPromptBehavior: dismiss and notify, webauthn:extension:credBlob: true, webauthn:extension:largeBlob: true, webauthn:virtualAuthenticators: true}\nSession ID: aca4a8b03d0299fc939f14d1b1402344","trace":"org.openqa.selenium.TimeoutException: Expected condition failed: waiting for title to contain \"Lenskart1.com\". Current title: \"Lenskart.com速 - Sunglasses, Contact Lens, Eyeglasses, Frames, Buy 1 Get 1 Offer for Gold Members\" (tried for 60 second(s) with 500 milliseconds interval)\nBuild info: version: '4.5.3', revision: '4b786a1e430'\nSystem info: os.name: 'Mac OS X', os.arch: 'aarch64', os.version: '12.6.1', java.version: '17.0.4.1'\nDriver info: org.openqa.selenium.chrome.ChromeDriver\nCapabilities {acceptInsecureCerts: false, browserName: chrome, browserVersion: 107.0.5304.110, chrome: {chromedriverVersion: 107.0.5304.62 (1eec40d3a576..., userDataDir: /var/folders/5l/cnx21f9j4yx...}, goog:chromeOptions: {debuggerAddress: localhost:64090}, networkConnectionEnabled: false, pageLoadStrategy: normal, platformName: MAC, proxy: Proxy(), se:cdp: ws://localhost:64090/devtoo..., se:cdpVersion: 107.0.5304.110, setWindowRect: true, strictFileInteractability: false, timeouts: {implicit: 0, pageLoad: 300000, script: 30000}, unhandledPromptBehavior: dismiss and notify, webauthn:extension:credBlob: true, webauthn:extension:largeBlob: true, webauthn:virtualAuthenticators: true}\nSession ID: aca4a8b03d0299fc939f14d1b1402344\n\tat org.openqa.selenium.support.ui.WebDriverWait.timeoutException(WebDriverWait.java:87)\n\tat org.openqa.selenium.support.ui.FluentWait.until(FluentWait.java:231)\n\tat com.qa.lenskart.utils.WaitUtils.ifTitleContainsText(WaitUtils.java:113)\n\tat com.qa.lenskart.pages.LandingPage.isTitlePresent(LandingPage.java:45)\n\tat com.qa.lenskart.tests.LandingPageTest.titleTest(LandingPageTest.java:19)\n\tat java.base/jdk.internal.reflect.NativeMethodAccessorImpl.invoke0(Native Method)\n\tat java.base/jdk.internal.reflect.NativeMethodAccessorImpl.invoke(NativeMethodAccessorImpl.java:77)\n\tat java.base/jdk.internal.reflect.DelegatingMethodAccessorImpl.invoke(DelegatingMethodAccessorImpl.java:43)\n\tat java.base/java.lang.reflect.Method.invoke(Method.java:568)\n\tat org.testng.internal.MethodInvocationHelper.invokeMethod(MethodInvocationHelper.java:124)\n\tat org.testng.internal.Invoker.invokeMethod(Invoker.java:583)\n\tat org.testng.internal.Invoker.invokeTestMethod(Invoker.java:719)\n\tat org.testng.internal.Invoker.invokeTestMethods(Invoker.java:989)\n\tat org.testng.internal.TestMethodWorker.invokeTestMethods(TestMethodWorker.java:125)\n\tat org.testng.internal.TestMethodWorker.run(TestMethodWorker.java:109)\n\tat org.testng.TestRunner.privateRun(TestRunner.java:648)\n\tat org.testng.TestRunner.run(TestRunner.java:505)\n\tat org.testng.SuiteRunner.runTest(SuiteRunner.java:455)\n\tat org.testng.SuiteRunner.access$000(SuiteRunner.java:40)\n\tat org.testng.SuiteRunner$SuiteWorker.run(SuiteRunner.java:489)\n\tat org.testng.internal.thread.ThreadUtil$1.call(ThreadUtil.java:52)\n\tat java.base/java.util.concurrent.FutureTask.run(FutureTask.java:264)\n\tat java.base/java.util.concurrent.ThreadPoolExecutor.runWorker(ThreadPoolExecutor.java:1136)\n\tat java.base/java.util.concurrent.ThreadPoolExecutor$Worker.run(ThreadPoolExecutor.java:635)\n\tat java.base/java.lang.Thread.run(Thread.java:833)\n"},"stage":"finished","steps":[],"attachments":[],"parameters":[],"start":1669399137752,"stop":1669399197798}],"attachments":[{"name":"Page screenshot","source":"4ad6ea06-bc7e-4c11-afdb-3bde3aebe05a-attachment","type":"image/png"},{"name":"titleTest failed and screenshot taken!","source":"098d6d9d-46ca-43ce-a384-153cd30da315-attachment","type":"text/plain"}],"parameters":[],"start":1669399137752,"stop":1669399198372,"uuid":"55e84668-03ed-4499-b518-889952ea9d8c","historyId":"b205a37fbd286364a5260cc768f7ad9f","fullName":"com.qa.lenskart.tests.LandingPageTest.titleTest","labels":[{"name":"package","value":"com.qa.lenskart.tests.LandingPageTest"},{"name":"testClass","value":"com.qa.lenskart.tests.LandingPageTest"},{"name":"testMethod","value":"titleTest"},{"name":"parentSuite","value":"LensKart Test Suite"},{"name":"suite","value":"LensKart Landing Page Test"},{"name":"subSuite","value":"com.qa.lenskart.tests.LandingPageTest"},{"name":"host","value":"Vipuls-MacBook-Air.local"},{"name":"thread","value":"12073@Vipuls-MacBook-Air.local.TestNG-tests-1(18)"},{"name":"framework","value":"testng"},{"name":"language","value":"java"},{"name":"severity","value":"minor"}],"links":[]}