<?xml version="1.0" encoding="UTF-8"?>
<!-- Generated by org.testng.reporters.JUnitXMLReporter -->
<testsuite ignored="2" hostname="Vipuls-MacBook-Air.local" failures="1" tests="4" name="LensKart product Info Test" time="56.404" errors="0" timestamp="22 May 2023 12:26:49 GMT">
  <testcase classname="com.qa.lenskart.tests.ProductInfoTest" name="productimageCount" time="4.181">
    <skipped/>
  </testcase> <!-- productimageCount -->
  <testcase classname="com.qa.lenskart.tests.ProductInfoTest" name="productimageCount" time="2.564">
    <skipped/>
  </testcase> <!-- productimageCount -->
  <testcase classname="com.qa.lenskart.tests.ProductInfoTest" name="productimageCount" time="2.604">
    <skipped/>
  </testcase> <!-- productimageCount -->
  <testcase classname="com.qa.lenskart.tests.ProductInfoTest" name="productimageCount" time="2.602">
    <failure type="org.openqa.selenium.StaleElementReferenceException" message="stale element reference: stale element not found
  (Session info: chrome=113.0.5672.126)
For documentation on this error, please visit: https://selenium.dev/exceptions/#stale_element_reference
Build info: version: &amp;apos;4.9.0&amp;apos;, revision: &amp;apos;d7057100a6&amp;apos;
System info: os.name: &amp;apos;Mac OS X&amp;apos;, os.arch: &amp;apos;aarch64&amp;apos;, os.version: &amp;apos;12.6.6&amp;apos;, java.version: &amp;apos;17.0.6&amp;apos;
Driver info: org.openqa.selenium.chrome.ChromeDriver
Command: [dbc378675effe84e8613d8151407e45a, clickElement {id=22B139C0A6F97A2A2D521A29F30D916F_element_175}]
Capabilities {acceptInsecureCerts: false, browserName: chrome, browserVersion: 113.0.5672.126, chrome: {chromedriverVersion: 113.0.5672.63 (0e1a4471d5ae..., userDataDir: /var/folders/5y/6_9g5gmj34l...}, goog:chromeOptions: {debuggerAddress: localhost:50178}, networkConnectionEnabled: false, pageLoadStrategy: normal, platformName: MAC, proxy: Proxy(), se:cdp: ws://localhost:50178/devtoo..., se:cdpVersion: 113.0.5672.126, setWindowRect: true, strictFileInteractability: false, timeouts: {implicit: 0, pageLoad: 300000, script: 30000}, unhandledPromptBehavior: dismiss and notify, webauthn:extension:credBlob: true, webauthn:extension:largeBlob: true, webauthn:extension:minPinLength: true, webauthn:extension:prf: true, webauthn:virtualAuthenticators: true}
Element: [[ChromeDriver: chrome on MAC (dbc378675effe84e8613d8151407e45a)] -&amp;gt; xpath: //div[text()=&amp;apos;Vincent Chase&amp;apos;]]
Session ID: dbc378675effe84e8613d8151407e45a">
      <![CDATA[org.openqa.selenium.StaleElementReferenceException: stale element reference: stale element not found
  (Session info: chrome=113.0.5672.126)
For documentation on this error, please visit: https://selenium.dev/exceptions/#stale_element_reference
Build info: version: '4.9.0', revision: 'd7057100a6'
System info: os.name: 'Mac OS X', os.arch: 'aarch64', os.version: '12.6.6', java.version: '17.0.6'
Driver info: org.openqa.selenium.chrome.ChromeDriver
Command: [dbc378675effe84e8613d8151407e45a, clickElement {id=22B139C0A6F97A2A2D521A29F30D916F_element_175}]
Capabilities {acceptInsecureCerts: false, browserName: chrome, browserVersion: 113.0.5672.126, chrome: {chromedriverVersion: 113.0.5672.63 (0e1a4471d5ae..., userDataDir: /var/folders/5y/6_9g5gmj34l...}, goog:chromeOptions: {debuggerAddress: localhost:50178}, networkConnectionEnabled: false, pageLoadStrategy: normal, platformName: MAC, proxy: Proxy(), se:cdp: ws://localhost:50178/devtoo..., se:cdpVersion: 113.0.5672.126, setWindowRect: true, strictFileInteractability: false, timeouts: {implicit: 0, pageLoad: 300000, script: 30000}, unhandledPromptBehavior: dismiss and notify, webauthn:extension:credBlob: true, webauthn:extension:largeBlob: true, webauthn:extension:minPinLength: true, webauthn:extension:prf: true, webauthn:virtualAuthenticators: true}
Element: [[ChromeDriver: chrome on MAC (dbc378675effe84e8613d8151407e45a)] -> xpath: //div[text()='Vincent Chase']]
Session ID: dbc378675effe84e8613d8151407e45a
at org.openqa.selenium.remote.codec.w3c.W3CHttpResponseCodec.createException(W3CHttpResponseCodec.java:200)
at org.openqa.selenium.remote.codec.w3c.W3CHttpResponseCodec.decode(W3CHttpResponseCodec.java:133)
at org.openqa.selenium.remote.codec.w3c.W3CHttpResponseCodec.decode(W3CHttpResponseCodec.java:53)
at org.openqa.selenium.remote.HttpCommandExecutor.execute(HttpCommandExecutor.java:193)
at org.openqa.selenium.remote.service.DriverCommandExecutor.invokeExecute(DriverCommandExecutor.java:183)
at org.openqa.selenium.remote.service.DriverCommandExecutor.execute(DriverCommandExecutor.java:158)
at org.openqa.selenium.remote.RemoteWebDriver.execute(RemoteWebDriver.java:543)
at org.openqa.selenium.remote.RemoteWebElement.execute(RemoteWebElement.java:257)
at org.openqa.selenium.remote.RemoteWebElement.click(RemoteWebElement.java:78)
at com.qa.lenskart.utils.ElementUtil.doClick(ElementUtil.java:155)
at com.qa.lenskart.pages.SearchPage.selectProduct(SearchPage.java:53)
at com.qa.lenskart.tests.ProductInfoTest.productimageCount(ProductInfoTest.java:49)
at java.base/java.util.concurrent.FutureTask.run(FutureTask.java:264)
at java.base/java.util.concurrent.ThreadPoolExecutor.runWorker(ThreadPoolExecutor.java:1136)
at java.base/java.util.concurrent.ThreadPoolExecutor$Worker.run(ThreadPoolExecutor.java:635)
at java.base/java.lang.Thread.run(Thread.java:833)
... Removed 21 stack frames]]>
    </failure>
  </testcase> <!-- productimageCount -->
  <testcase classname="com.qa.lenskart.tests.ProductInfoTest" name="getProductTechnicalInfo" time="0.0">
    <ignored/>
  </testcase> <!-- getProductTechnicalInfo -->
  <testcase classname="com.qa.lenskart.tests.ProductInfoTest" name="productBrandNameTest" time="0.0">
    <ignored/>
  </testcase> <!-- productBrandNameTest -->
</testsuite> <!-- LensKart product Info Test -->
